<?xml version="1.0" encoding="utf-8"?><testsuites><testsuite name="pytest" errors="0" failures="0" skipped="0" tests="3" time="25.495" timestamp="2025-04-19T15:42:23.400862+05:30" hostname="ubuntu-linux-22-04-02-desktop"><testcase classname="scripts.test_load_model" name="test_load_latest_staging_model[yt_chrome_plugin_model-staging]" time="7.521" /><testcase classname="scripts.test_model_signature" name="test_model_with_vectorizer[yt_chrome_plugin_model-staging-tfidf_vectorizer.pkl]" time="5.743" /><testcase classname="scripts.test_model_performance" name="test_model_performance[yt_chrome_plugin_model-staging-data/interim/test_processed.csv-tfidf_vectorizer.pkl]" time="11.682" /></testsuite></testsuites>