<?xml version="1.0" encoding="utf-8"?><testsuites><testsuite name="pytest" errors="0" failures="0" skipped="0" tests="3" time="140.867" timestamp="2025-04-20T22:20:12.165992+05:30" hostname="ubuntu-linux-22-04-02-desktop"><testcase classname="scripts.test_load_model" name="test_load_latest_staging_model[yt_chrome_plugin_model-staging]" time="16.111" /><testcase classname="scripts.test_model_signature" name="test_model_with_vectorizer[yt_chrome_plugin_model-staging-tfidf_vectorizer.pkl]" time="26.263" /><testcase classname="scripts.test_model_performance" name="test_model_performance[yt_chrome_plugin_model-staging-data/interim/test_processed.csv-tfidf_vectorizer.pkl]" time="96.915" /></testsuite></testsuites>