<?xml version="1.0" encoding="utf-8"?><testsuites><testsuite name="pytest" errors="0" failures="0" skipped="0" tests="3" time="25.694" timestamp="2025-05-24T10:13:56.828854+05:30" hostname="ubuntu-linux-22-04-02-desktop"><testcase classname="scripts.test_load_model" name="test_load_latest_staging_model[yt_chrome_plugin_model-staging]" time="6.010" /><testcase classname="scripts.test_model_signature" name="test_model_with_vectorizer[yt_chrome_plugin_model-staging-tfidf_vectorizer.pkl]" time="4.280" /><testcase classname="scripts.test_model_performance" name="test_model_performance[yt_chrome_plugin_model-staging-data/interim/test_processed.csv-tfidf_vectorizer.pkl]" time="14.527" /></testsuite></testsuites>